[28/01/2020 18:51:39][INFO]: UpperLevelKeys initialization
[28/01/2020 18:51:39][INFO]: Initialization successful
[28/01/2020 18:51:39][INFO]: TrustListPubKeys initialization
[28/01/2020 18:51:39][INFO]: Initialization successful
[28/01/2020 18:51:39][INFO]: FactoryPrivateKeys initialization
[28/01/2020 18:51:39][INFO]: Initialization successful
[28/01/2020 18:51:39][INFO]: TrustListVersions initialization
[28/01/2020 18:51:39][INFO]: Initialization successful
[28/01/2020 18:51:39][INFO]: FirmwarePrivateKeys initialization
[28/01/2020 18:51:39][INFO]: Initialization successful
[28/01/2020 18:51:39][INFO]: AuthPrivateKeys initialization
[28/01/2020 18:51:39][INFO]: Initialization successful
[28/01/2020 18:51:39][INFO]: RecoveryPrivateKeys initialization
[28/01/2020 18:51:39][INFO]: Initialization successful
[28/01/2020 18:51:39][INFO]: TLServicePrivateKeys initialization
[28/01/2020 18:51:39][INFO]: Initialization successful
[28/01/2020 18:51:39][INFO]: initialization successful
[28/01/2020 18:51:39][INFO]: TrustList generator initialization
[28/01/2020 18:51:39][INFO]: initialization successful
[28/01/2020 18:51:39][INFO]: initial generation stage started
[28/01/2020 18:51:39][INFO]: Recovery Key 1 generation (Initial Generation stage)
[28/01/2020 18:51:39][INFO]: Recovery Key generation started
[28/01/2020 18:51:46][INFO]: Card request prepared: {"content_snapshot":"eyJjcmVhdGVkX2F0IjoxNTgwMjIzMTA2LCJpZGVudGl0eSI6InJlY292ZXJ5XzEiLCJwdWJsaWNfa2V5IjoiTUZrd0V3WUhLb1pJemowQ0FRWUlLb1pJemowREFRY0RRZ0FFUlN5V1h3bVBYemFhUEQycHlCZXEvMzFzaHNYenJBaFgxSlp3SjlMT1l1b1lIOHVBNU9YKzAvWVd0dVRVaUVHVDZUYVdKaVFKdS90SDRtRHN6ZmFYOEE9PSIsInZlcnNpb24iOiI1LjAifQ==","signatures":[{"signature":"MFgwDQYJYIZIAWUDBAIBBQAERzBFAiAzwSewM4kc1Q3C8Ek6iv+aF+Ooyqc3uvq1Ssxa8lnucAIhAMd7gmGTCzJoXRNgBmyQO0Ve8voiYtW79OovV0HVe6J+","signer":"self","snapshot":"eyJzdGFydF9kYXRlIjogMTcwOTg1NjAwLCAiZXhwaXJhdGlvbl9kYXRlIjogMCwgImNvbW1lbnQiOiAicmVjb3ZlcnkxIiwgImVjX3R5cGUiOiAzLCAibWV0YV9kYXRhIjogIiIsICJrZXlfdHlwZSI6IDB9"}]}
[28/01/2020 18:51:48][INFO]: Card registered. Response: b'{"content_snapshot":"eyJjcmVhdGVkX2F0IjoxNTgwMjIzMTA2LCJpZGVudGl0eSI6InJlY292ZXJ5XzEiLCJwdWJsaWNfa2V5IjoiTUZrd0V3WUhLb1pJemowQ0FRWUlLb1pJemowREFRY0RRZ0FFUlN5V1h3bVBYemFhUEQycHlCZXEvMzFzaHNYenJBaFgxSlp3SjlMT1l1b1lIOHVBNU9YKzAvWVd0dVRVaUVHVDZUYVdKaVFKdS90SDRtRHN6ZmFYOEE9PSIsInZlcnNpb24iOiI1LjAifQ==","signatures":[{"signer":"self","signature":"MFgwDQYJYIZIAWUDBAIBBQAERzBFAiAzwSewM4kc1Q3C8Ek6iv+aF+Ooyqc3uvq1Ssxa8lnucAIhAMd7gmGTCzJoXRNgBmyQO0Ve8voiYtW79OovV0HVe6J+","snapshot":"eyJzdGFydF9kYXRlIjogMTcwOTg1NjAwLCAiZXhwaXJhdGlvbl9kYXRlIjogMCwgImNvbW1lbnQiOiAicmVjb3ZlcnkxIiwgImVjX3R5cGUiOiAzLCAibWV0YV9kYXRhIjogIiIsICJrZXlfdHlwZSI6IDB9"},{"signer":"virgil","signature":"MFEwDQYJYIZIAWUDBAIDBQAEQGZDCGLFvGi0bn23AKJf2pI2rYIVi4DqERkECWEDcblGg1emZbB3t5xUP6TfG0difTMDTWaCAD7NFcfgsC5NUwY="}]}'
[28/01/2020 18:51:48][INFO]: Recovery Key id: [40458] comment: [recovery1] generation completed
[28/01/2020 18:51:48][INFO]: Recovery Key 2 generation (Initial Generation stage)
[28/01/2020 18:51:48][INFO]: Recovery Key generation started
[28/01/2020 18:51:54][INFO]: Card request prepared: {"content_snapshot":"eyJjcmVhdGVkX2F0IjoxNTgwMjIzMTE0LCJpZGVudGl0eSI6InJlY292ZXJ5XzIiLCJwdWJsaWNfa2V5IjoiTUZrd0V3WUhLb1pJemowQ0FRWUlLb1pJemowREFRY0RRZ0FFSk1lTThkZkswR09hVWlYUUpJeGxMOTRqcHBkZVFrYXFnSURpRnljNUZkRTJoLzFIbXViRTVUcWFoSTZPc1pXSW40bXAvV0pFWnBMbGUzd1EvU0p5c2c9PSIsInZlcnNpb24iOiI1LjAifQ==","signatures":[{"signature":"MFgwDQYJYIZIAWUDBAIBBQAERzBFAiATRAk2oSgJjW7wm/KeaHLfKcyRv/aI3/eSaEIIHdo6ngIhAO8Tn3/Fqmer1Icz1bKmoskBl+cvz5p4S8VV+H1i13kn","signer":"self","snapshot":"eyJzdGFydF9kYXRlIjogMTcwOTg1NjAwLCAiZXhwaXJhdGlvbl9kYXRlIjogMCwgImNvbW1lbnQiOiAicmVjb3ZlcnkyIiwgImVjX3R5cGUiOiAzLCAibWV0YV9kYXRhIjogIiIsICJrZXlfdHlwZSI6IDB9"}]}
[28/01/2020 18:51:55][INFO]: Card registered. Response: b'{"content_snapshot":"eyJjcmVhdGVkX2F0IjoxNTgwMjIzMTE0LCJpZGVudGl0eSI6InJlY292ZXJ5XzIiLCJwdWJsaWNfa2V5IjoiTUZrd0V3WUhLb1pJemowQ0FRWUlLb1pJemowREFRY0RRZ0FFSk1lTThkZkswR09hVWlYUUpJeGxMOTRqcHBkZVFrYXFnSURpRnljNUZkRTJoLzFIbXViRTVUcWFoSTZPc1pXSW40bXAvV0pFWnBMbGUzd1EvU0p5c2c9PSIsInZlcnNpb24iOiI1LjAifQ==","signatures":[{"signer":"self","signature":"MFgwDQYJYIZIAWUDBAIBBQAERzBFAiATRAk2oSgJjW7wm/KeaHLfKcyRv/aI3/eSaEIIHdo6ngIhAO8Tn3/Fqmer1Icz1bKmoskBl+cvz5p4S8VV+H1i13kn","snapshot":"eyJzdGFydF9kYXRlIjogMTcwOTg1NjAwLCAiZXhwaXJhdGlvbl9kYXRlIjogMCwgImNvbW1lbnQiOiAicmVjb3ZlcnkyIiwgImVjX3R5cGUiOiAzLCAibWV0YV9kYXRhIjogIiIsICJrZXlfdHlwZSI6IDB9"},{"signer":"virgil","signature":"MFEwDQYJYIZIAWUDBAIDBQAEQDbnVY1ujJqsabt/2A3BTLVvDHQcxWUN1z6mf6EbQYVQTbhUL2ohAJCN9wVVtnJYYVzqdZ2BUAbZRC2SPUqEpQA="}]}'
[28/01/2020 18:51:55][INFO]: Recovery Key id: [15631] comment: [recovery2] generation completed
[28/01/2020 18:51:55][INFO]: Auth Key 1 generation (Initial Generation stage)
[28/01/2020 18:51:55][INFO]: Auth Key generation started
[28/01/2020 18:51:57][INFO]: Card request prepared: {"content_snapshot":"eyJjcmVhdGVkX2F0IjoxNTgwMjIzMTE3LCJpZGVudGl0eSI6ImF1dGhfMSIsInB1YmxpY19rZXkiOiJNRmt3RXdZSEtvWkl6ajBDQVFZSUtvWkl6ajBEQVFjRFFnQUV3QU4zWno4cFlmenRKeGc0MlA3TElXVS8xUVprQU1UZjJSZWE3NVo5aUNkenRrMmFBWUU0Zjd1dVNrbXMwZFF0T3ZsSjN0ZjJOemlQb2JkWHdVdThudz09IiwidmVyc2lvbiI6IjUuMCJ9","signatures":[{"signature":"MFgwDQYJYIZIAWUDBAIBBQAERzBFAiBrfnt1Tc8+WAo4GGQremhLgjfoxvDnGNSk6uz6LGlBzAIhANv8TCooz0SXB3/EQ/v58EWUOjrk2dLIJ0RDiSbml2Wa","signer":"self","snapshot":"eyJzdGFydF9kYXRlIjogMCwgImV4cGlyYXRpb25fZGF0ZSI6IDAsICJjb21tZW50IjogImF1dGgxIiwgImVjX3R5cGUiOiAzLCAibWV0YV9kYXRhIjogIiIsICJrZXlfdHlwZSI6IDEsICJzaWduYXR1cmUiOiAibDlJRGw3dDdlVWRMZXZOTU94SGg1b3UrY2ROTGlrdzNHSndTYUhvZHVSaWZHZEcycm5jYTgzRXlTQnRlQVFoMVpLM3cvdmV5NUNLaUFCVjg2bUJaUEE9PSIsICJzaWduZXJfcHVibGljX2tleSI6ICJCQ1RIalBIWHl0QmptbElsMENTTVpTL2VJNmFYWGtKR3FvQ0E0aGNuT1JYUk5vZjlSNXJteE9VNm1vU09qckdWaUorSnFmMWlSR2FTNVh0OEVQMGljckk9IiwgInNpZ25lcl9oYXNoX3R5cGUiOiAwfQ=="}]}
[28/01/2020 18:51:58][INFO]: Card registered. Response: b'{"content_snapshot":"eyJjcmVhdGVkX2F0IjoxNTgwMjIzMTE3LCJpZGVudGl0eSI6ImF1dGhfMSIsInB1YmxpY19rZXkiOiJNRmt3RXdZSEtvWkl6ajBDQVFZSUtvWkl6ajBEQVFjRFFnQUV3QU4zWno4cFlmenRKeGc0MlA3TElXVS8xUVprQU1UZjJSZWE3NVo5aUNkenRrMmFBWUU0Zjd1dVNrbXMwZFF0T3ZsSjN0ZjJOemlQb2JkWHdVdThudz09IiwidmVyc2lvbiI6IjUuMCJ9","signatures":[{"signer":"self","signature":"MFgwDQYJYIZIAWUDBAIBBQAERzBFAiBrfnt1Tc8+WAo4GGQremhLgjfoxvDnGNSk6uz6LGlBzAIhANv8TCooz0SXB3/EQ/v58EWUOjrk2dLIJ0RDiSbml2Wa","snapshot":"eyJzdGFydF9kYXRlIjogMCwgImV4cGlyYXRpb25fZGF0ZSI6IDAsICJjb21tZW50IjogImF1dGgxIiwgImVjX3R5cGUiOiAzLCAibWV0YV9kYXRhIjogIiIsICJrZXlfdHlwZSI6IDEsICJzaWduYXR1cmUiOiAibDlJRGw3dDdlVWRMZXZOTU94SGg1b3UrY2ROTGlrdzNHSndTYUhvZHVSaWZHZEcycm5jYTgzRXlTQnRlQVFoMVpLM3cvdmV5NUNLaUFCVjg2bUJaUEE9PSIsICJzaWduZXJfcHVibGljX2tleSI6ICJCQ1RIalBIWHl0QmptbElsMENTTVpTL2VJNmFYWGtKR3FvQ0E0aGNuT1JYUk5vZjlSNXJteE9VNm1vU09qckdWaUorSnFmMWlSR2FTNVh0OEVQMGljckk9IiwgInNpZ25lcl9oYXNoX3R5cGUiOiAwfQ=="},{"signer":"virgil","signature":"MFEwDQYJYIZIAWUDBAIDBQAEQBkWl6kmY7SMe6SJ2XFnnT8axlRqHtWTas7u6Bqcv/j81lCCD118OwvDK630idE04SLPKwDXi+kOH5nzJidcegc="}]}'
[28/01/2020 18:51:58][INFO]: Auth Key id: [21941] comment: [auth1] generation completed
[28/01/2020 18:51:58][INFO]: Auth Key 2 generation (Initial Generation stage)
[28/01/2020 18:51:58][INFO]: Auth Key generation started
[28/01/2020 18:52:00][INFO]: Card request prepared: {"content_snapshot":"eyJjcmVhdGVkX2F0IjoxNTgwMjIzMTIwLCJpZGVudGl0eSI6ImF1dGhfMiIsInB1YmxpY19rZXkiOiJNRmt3RXdZSEtvWkl6ajBDQVFZSUtvWkl6ajBEQVFjRFFnQUVQRkVtVWdTVDFFWW9DQXpTbXJjMFdjOXBxNlNkQVgxS1Qwc3NFazhVN2pGWVVEUTVTcjZhSXJBd1pjRlRRYzJ2SDJKQ3dVUUNPNkhnZCtxSmRjYWFDQT09IiwidmVyc2lvbiI6IjUuMCJ9","signatures":[{"signature":"MFkwDQYJYIZIAWUDBAIBBQAESDBGAiEAzKrc/n++2jP7BzFU3kr7Xv79n7LVLg8B2ZHdx6p2JHICIQDj8h2Dt4eNeEwoHBFek/+5XTkKJJrb+KiXCE16wMGZxw==","signer":"self","snapshot":"eyJzdGFydF9kYXRlIjogMCwgImV4cGlyYXRpb25fZGF0ZSI6IDAsICJjb21tZW50IjogImF1dGgyIiwgImVjX3R5cGUiOiAzLCAibWV0YV9kYXRhIjogIiIsICJrZXlfdHlwZSI6IDEsICJzaWduYXR1cmUiOiAiSFBrOVZWc1ZHM2tDWkUzU05KcGdWejhsaEpwcTNHOCt3Y3NMUjQzOGV2ZTRucWFvVGRPMHYwL1plbU9oTVN4Y3lTZUphQUJNeTdBMlBxc2xoTlV6TlE9PSIsICJzaWduZXJfcHVibGljX2tleSI6ICJCRVVzbGw4SmoxODJtanc5cWNnWHF2OTliSWJGODZ3SVY5U1djQ2ZTem1McUdCL0xnT1RsL3RQMkZyYmsxSWhCaytrMmxpWWtDYnY3UitKZzdNMzJsL0E9IiwgInNpZ25lcl9oYXNoX3R5cGUiOiAwfQ=="}]}
[28/01/2020 18:52:01][INFO]: Card registered. Response: b'{"content_snapshot":"eyJjcmVhdGVkX2F0IjoxNTgwMjIzMTIwLCJpZGVudGl0eSI6ImF1dGhfMiIsInB1YmxpY19rZXkiOiJNRmt3RXdZSEtvWkl6ajBDQVFZSUtvWkl6ajBEQVFjRFFnQUVQRkVtVWdTVDFFWW9DQXpTbXJjMFdjOXBxNlNkQVgxS1Qwc3NFazhVN2pGWVVEUTVTcjZhSXJBd1pjRlRRYzJ2SDJKQ3dVUUNPNkhnZCtxSmRjYWFDQT09IiwidmVyc2lvbiI6IjUuMCJ9","signatures":[{"signer":"self","signature":"MFkwDQYJYIZIAWUDBAIBBQAESDBGAiEAzKrc/n++2jP7BzFU3kr7Xv79n7LVLg8B2ZHdx6p2JHICIQDj8h2Dt4eNeEwoHBFek/+5XTkKJJrb+KiXCE16wMGZxw==","snapshot":"eyJzdGFydF9kYXRlIjogMCwgImV4cGlyYXRpb25fZGF0ZSI6IDAsICJjb21tZW50IjogImF1dGgyIiwgImVjX3R5cGUiOiAzLCAibWV0YV9kYXRhIjogIiIsICJrZXlfdHlwZSI6IDEsICJzaWduYXR1cmUiOiAiSFBrOVZWc1ZHM2tDWkUzU05KcGdWejhsaEpwcTNHOCt3Y3NMUjQzOGV2ZTRucWFvVGRPMHYwL1plbU9oTVN4Y3lTZUphQUJNeTdBMlBxc2xoTlV6TlE9PSIsICJzaWduZXJfcHVibGljX2tleSI6ICJCRVVzbGw4SmoxODJtanc5cWNnWHF2OTliSWJGODZ3SVY5U1djQ2ZTem1McUdCL0xnT1RsL3RQMkZyYmsxSWhCaytrMmxpWWtDYnY3UitKZzdNMzJsL0E9IiwgInNpZ25lcl9oYXNoX3R5cGUiOiAwfQ=="},{"signer":"virgil","signature":"MFEwDQYJYIZIAWUDBAIDBQAEQEXNOM5jaUoJ+XnbRUXjTQ+EELvndGKuTPNu8d3rwa2hAQmSEh5Gy7piSfZFCXw8lHeRZ7mqynCwPj4+rOmx+w8="}]}'
[28/01/2020 18:52:01][INFO]: Auth Key id: [13673] comment: [auth2] generation completed
[28/01/2020 18:52:01][INFO]: TrustList Key 1 generation (Initial Generation stage)
[28/01/2020 18:52:01][INFO]: TrustList Key generation started
[28/01/2020 18:52:03][INFO]: Card request prepared: {"content_snapshot":"eyJjcmVhdGVkX2F0IjoxNTgwMjIzMTIzLCJpZGVudGl0eSI6InRsXzEiLCJwdWJsaWNfa2V5IjoiTUZrd0V3WUhLb1pJemowQ0FRWUlLb1pJemowREFRY0RRZ0FFK2F2UUlwVkZ5UFpVTnVoaE81Mnh2ZmhjTlUyYTZ2ZUVTZmdNb0FwZ1lZQW1WRVhDekRISVRVN29YMCs0eVlRY1VRWXUwMG1EUmkwdUxrUkF0bXJIWkE9PSIsInZlcnNpb24iOiI1LjAifQ==","signatures":[{"signature":"MFgwDQYJYIZIAWUDBAIBBQAERzBFAiEAnQzXD6K3PCYFQc012e646NUyTDqLWpJVZtjyvWjV+HkCIG9VAcBnT3OFkAy66L3NdWCvbbAg0qk18jseH75E3S8V","signer":"self","snapshot":"eyJzdGFydF9kYXRlIjogMCwgImV4cGlyYXRpb25fZGF0ZSI6IDAsICJjb21tZW50IjogInRsMSIsICJlY190eXBlIjogMywgIm1ldGFfZGF0YSI6ICIiLCAia2V5X3R5cGUiOiAyLCAic2lnbmF0dXJlIjogIjFRdWEvNk5DWDBrS3BwOFVCZ2NiTWM4MlRPd01udWxPSmhydWVCZXAyVTJ0L01Kb3YzM0JIWHRWT3BxUnFQeWVxcW11NFQzQTlJV3RmYytMM0ZLckxnPT0iLCAic2lnbmVyX3B1YmxpY19rZXkiOiAiQkVVc2xsOEpqMTgybWp3OXFjZ1hxdjk5YkliRjg2d0lWOVNXY0NmU3ptTHFHQi9MZ09UbC90UDJGcmJrMUloQmsrazJsaVlrQ2J2N1IrSmc3TTMybC9BPSIsICJzaWduZXJfaGFzaF90eXBlIjogMH0="}]}
[28/01/2020 18:52:04][INFO]: Card registered. Response: b'{"content_snapshot":"eyJjcmVhdGVkX2F0IjoxNTgwMjIzMTIzLCJpZGVudGl0eSI6InRsXzEiLCJwdWJsaWNfa2V5IjoiTUZrd0V3WUhLb1pJemowQ0FRWUlLb1pJemowREFRY0RRZ0FFK2F2UUlwVkZ5UFpVTnVoaE81Mnh2ZmhjTlUyYTZ2ZUVTZmdNb0FwZ1lZQW1WRVhDekRISVRVN29YMCs0eVlRY1VRWXUwMG1EUmkwdUxrUkF0bXJIWkE9PSIsInZlcnNpb24iOiI1LjAifQ==","signatures":[{"signer":"self","signature":"MFgwDQYJYIZIAWUDBAIBBQAERzBFAiEAnQzXD6K3PCYFQc012e646NUyTDqLWpJVZtjyvWjV+HkCIG9VAcBnT3OFkAy66L3NdWCvbbAg0qk18jseH75E3S8V","snapshot":"eyJzdGFydF9kYXRlIjogMCwgImV4cGlyYXRpb25fZGF0ZSI6IDAsICJjb21tZW50IjogInRsMSIsICJlY190eXBlIjogMywgIm1ldGFfZGF0YSI6ICIiLCAia2V5X3R5cGUiOiAyLCAic2lnbmF0dXJlIjogIjFRdWEvNk5DWDBrS3BwOFVCZ2NiTWM4MlRPd01udWxPSmhydWVCZXAyVTJ0L01Kb3YzM0JIWHRWT3BxUnFQeWVxcW11NFQzQTlJV3RmYytMM0ZLckxnPT0iLCAic2lnbmVyX3B1YmxpY19rZXkiOiAiQkVVc2xsOEpqMTgybWp3OXFjZ1hxdjk5YkliRjg2d0lWOVNXY0NmU3ptTHFHQi9MZ09UbC90UDJGcmJrMUloQmsrazJsaVlrQ2J2N1IrSmc3TTMybC9BPSIsICJzaWduZXJfaGFzaF90eXBlIjogMH0="},{"signer":"virgil","signature":"MFEwDQYJYIZIAWUDBAIDBQAEQKmu1RgcwBPm0gqF9+orzTnBUKx0lZ4wSbS+GAxjZUxl08T85Wp/jongIOPbRua5hJeuD2/KtuYXP51TuQCoqg0="}]}'
[28/01/2020 18:52:04][INFO]: TrustList Key id: [6542] comment: [tl1] generation completed
[28/01/2020 18:52:04][INFO]: TrustList Key 2 generation (Initial Generation stage)
[28/01/2020 18:52:04][INFO]: TrustList Key generation started
[28/01/2020 18:52:06][INFO]: Card request prepared: {"content_snapshot":"eyJjcmVhdGVkX2F0IjoxNTgwMjIzMTI2LCJpZGVudGl0eSI6InRsXzIiLCJwdWJsaWNfa2V5IjoiTUZrd0V3WUhLb1pJemowQ0FRWUlLb1pJemowREFRY0RRZ0FFM0lTSXVaMGxHRzlsdHFyS0YwNWw2U05kV2t3SGk1UUVKUHVPNGF3L0MwV0J0QUtIMUNNcUFlYVIvdWx5RkV3MWhnT0lBRzVtdlV5VE12V3lOTVlVSGc9PSIsInZlcnNpb24iOiI1LjAifQ==","signatures":[{"signature":"MFkwDQYJYIZIAWUDBAIBBQAESDBGAiEAy/KygGxqNiI34oTHZ+U0rc30SxIWJTiek482Hs91MEMCIQCew+pqY2k83ucfbkESDvhrEClTmwSdKa3EJ2zSFFV+Vg==","signer":"self","snapshot":"eyJzdGFydF9kYXRlIjogMCwgImV4cGlyYXRpb25fZGF0ZSI6IDAsICJjb21tZW50IjogInRsMiIsICJlY190eXBlIjogMywgIm1ldGFfZGF0YSI6ICIiLCAia2V5X3R5cGUiOiAyLCAic2lnbmF0dXJlIjogIkVTYkJTcVdZNEVzNEhkNlpHNTZORzFURkdTT3B5SDJieHR3REFES2orajQvaDNIQWtiS1JqQ2xMOXhjNnBSWVZqellZdCtIUnplbUxQeTdqUEJCWnJ3PT0iLCAic2lnbmVyX3B1YmxpY19rZXkiOiAiQkNUSGpQSFh5dEJqbWxJbDBDU01aUy9lSTZhWFhrSkdxb0NBNGhjbk9SWFJOb2Y5UjVybXhPVTZtb1NPanJHVmlKK0pxZjFpUkdhUzVYdDhFUDBpY3JJPSIsICJzaWduZXJfaGFzaF90eXBlIjogMH0="}]}
[28/01/2020 18:52:07][INFO]: Card registered. Response: b'{"content_snapshot":"eyJjcmVhdGVkX2F0IjoxNTgwMjIzMTI2LCJpZGVudGl0eSI6InRsXzIiLCJwdWJsaWNfa2V5IjoiTUZrd0V3WUhLb1pJemowQ0FRWUlLb1pJemowREFRY0RRZ0FFM0lTSXVaMGxHRzlsdHFyS0YwNWw2U05kV2t3SGk1UUVKUHVPNGF3L0MwV0J0QUtIMUNNcUFlYVIvdWx5RkV3MWhnT0lBRzVtdlV5VE12V3lOTVlVSGc9PSIsInZlcnNpb24iOiI1LjAifQ==","signatures":[{"signer":"self","signature":"MFkwDQYJYIZIAWUDBAIBBQAESDBGAiEAy/KygGxqNiI34oTHZ+U0rc30SxIWJTiek482Hs91MEMCIQCew+pqY2k83ucfbkESDvhrEClTmwSdKa3EJ2zSFFV+Vg==","snapshot":"eyJzdGFydF9kYXRlIjogMCwgImV4cGlyYXRpb25fZGF0ZSI6IDAsICJjb21tZW50IjogInRsMiIsICJlY190eXBlIjogMywgIm1ldGFfZGF0YSI6ICIiLCAia2V5X3R5cGUiOiAyLCAic2lnbmF0dXJlIjogIkVTYkJTcVdZNEVzNEhkNlpHNTZORzFURkdTT3B5SDJieHR3REFES2orajQvaDNIQWtiS1JqQ2xMOXhjNnBSWVZqellZdCtIUnplbUxQeTdqUEJCWnJ3PT0iLCAic2lnbmVyX3B1YmxpY19rZXkiOiAiQkNUSGpQSFh5dEJqbWxJbDBDU01aUy9lSTZhWFhrSkdxb0NBNGhjbk9SWFJOb2Y5UjVybXhPVTZtb1NPanJHVmlKK0pxZjFpUkdhUzVYdDhFUDBpY3JJPSIsICJzaWduZXJfaGFzaF90eXBlIjogMH0="},{"signer":"virgil","signature":"MFEwDQYJYIZIAWUDBAIDBQAEQAdHqAWDxCPYzzzV5jCsVxhbrfnpMLNNk+eakE8f5DNATzm+ZVbVUrA/1MLEpW9nUTa0mde49LAvmWn0hc40YQw="}]}'
[28/01/2020 18:52:07][INFO]: TrustList Key id: [46464] comment: [tl2] generation completed
[28/01/2020 18:52:07][INFO]: Firmware Key 1 generation (Initial Generation stage)
[28/01/2020 18:52:07][INFO]: Firmware Key generation started
[28/01/2020 18:52:09][INFO]: Card request prepared: {"content_snapshot":"eyJjcmVhdGVkX2F0IjoxNTgwMjIzMTI5LCJpZGVudGl0eSI6ImZpcm13YXJlXzEiLCJwdWJsaWNfa2V5IjoiTUZrd0V3WUhLb1pJemowQ0FRWUlLb1pJemowREFRY0RRZ0FFUWdnQXpySTVTZU9TSXRTOU9mcHlvcEYzOThNcTdUWmVwMG5rZnNnMUJLcTgzZjdtUk53RmZvSmFiT2l2VkFkVUtqQkJBUUpXaGx6L1pqU0NxQUs3WFE9PSIsInZlcnNpb24iOiI1LjAifQ==","signatures":[{"signature":"MFgwDQYJYIZIAWUDBAIBBQAERzBFAiEAl1JKU9luK4ZPGgKfq5XTaHp2HAwu7ISfQR5fjpsiHQYCIGBT/TNj0uU4feS5fq9CEV6teu5oh/oYJhKht1fwoGE4","signer":"self","snapshot":"eyJzdGFydF9kYXRlIjogMCwgImV4cGlyYXRpb25fZGF0ZSI6IDAsICJjb21tZW50IjogImZpcm13YXJlMSIsICJlY190eXBlIjogMywgIm1ldGFfZGF0YSI6ICIiLCAia2V5X3R5cGUiOiAzLCAic2lnbmF0dXJlIjogImd6WGEwVnFPRVArR090YTYydEhrRUdDY0RNbkpLdkFOWWtRR0JOMStEdyt5Rml1cDZGYmhkaHBBQThoRWF3WmNlc205TjY2VGJ6ZnpmMlM4a0E2Tk5nPT0iLCAic2lnbmVyX3B1YmxpY19rZXkiOiAiQkVVc2xsOEpqMTgybWp3OXFjZ1hxdjk5YkliRjg2d0lWOVNXY0NmU3ptTHFHQi9MZ09UbC90UDJGcmJrMUloQmsrazJsaVlrQ2J2N1IrSmc3TTMybC9BPSIsICJzaWduZXJfaGFzaF90eXBlIjogMH0="}]}
[28/01/2020 18:52:10][INFO]: Card registered. Response: b'{"content_snapshot":"eyJjcmVhdGVkX2F0IjoxNTgwMjIzMTI5LCJpZGVudGl0eSI6ImZpcm13YXJlXzEiLCJwdWJsaWNfa2V5IjoiTUZrd0V3WUhLb1pJemowQ0FRWUlLb1pJemowREFRY0RRZ0FFUWdnQXpySTVTZU9TSXRTOU9mcHlvcEYzOThNcTdUWmVwMG5rZnNnMUJLcTgzZjdtUk53RmZvSmFiT2l2VkFkVUtqQkJBUUpXaGx6L1pqU0NxQUs3WFE9PSIsInZlcnNpb24iOiI1LjAifQ==","signatures":[{"signer":"self","signature":"MFgwDQYJYIZIAWUDBAIBBQAERzBFAiEAl1JKU9luK4ZPGgKfq5XTaHp2HAwu7ISfQR5fjpsiHQYCIGBT/TNj0uU4feS5fq9CEV6teu5oh/oYJhKht1fwoGE4","snapshot":"eyJzdGFydF9kYXRlIjogMCwgImV4cGlyYXRpb25fZGF0ZSI6IDAsICJjb21tZW50IjogImZpcm13YXJlMSIsICJlY190eXBlIjogMywgIm1ldGFfZGF0YSI6ICIiLCAia2V5X3R5cGUiOiAzLCAic2lnbmF0dXJlIjogImd6WGEwVnFPRVArR090YTYydEhrRUdDY0RNbkpLdkFOWWtRR0JOMStEdyt5Rml1cDZGYmhkaHBBQThoRWF3WmNlc205TjY2VGJ6ZnpmMlM4a0E2Tk5nPT0iLCAic2lnbmVyX3B1YmxpY19rZXkiOiAiQkVVc2xsOEpqMTgybWp3OXFjZ1hxdjk5YkliRjg2d0lWOVNXY0NmU3ptTHFHQi9MZ09UbC90UDJGcmJrMUloQmsrazJsaVlrQ2J2N1IrSmc3TTMybC9BPSIsICJzaWduZXJfaGFzaF90eXBlIjogMH0="},{"signer":"virgil","signature":"MFEwDQYJYIZIAWUDBAIDBQAEQLOcdoq0kz8gXXPTnjgnJ+4+dalvcd8kPL4t2Bz0ijhwVzxgLQTnPMtdoWVqUeX48VNXUNETkBCKQ9R+3EQXiAY="}]}'
[28/01/2020 18:52:10][INFO]: Firmware Key id: [43721] comment: [firmware1] generation completed
[28/01/2020 18:52:10][INFO]: Firmware Key 2 generation (Initial Generation stage)
[28/01/2020 18:52:10][INFO]: Firmware Key generation started
[28/01/2020 18:52:13][INFO]: Card request prepared: {"content_snapshot":"eyJjcmVhdGVkX2F0IjoxNTgwMjIzMTMzLCJpZGVudGl0eSI6ImZpcm13YXJlXzIiLCJwdWJsaWNfa2V5IjoiTUZrd0V3WUhLb1pJemowQ0FRWUlLb1pJemowREFRY0RRZ0FFVkl5Wk56OUFYZnVMaE5RcmhldTRjeVZ1RWJ5MkpvbjZCNEQxcHlQU0VjT2VxbnVlN2RDMGVQaXN6UG1BK0tFRkFWdXplelhFcVVqVERnZ2l0WERxckE9PSIsInZlcnNpb24iOiI1LjAifQ==","signatures":[{"signature":"MFcwDQYJYIZIAWUDBAIBBQAERjBEAiBWDUk+B8tuuQ4e7IppBfNphfJagde/TTGS1nQ7gSrlMAIgbMiO677uZe3HUnIblVy6zHF9p6VkKMZBtFXKTU2Y8GA=","signer":"self","snapshot":"eyJzdGFydF9kYXRlIjogMCwgImV4cGlyYXRpb25fZGF0ZSI6IDAsICJjb21tZW50IjogImZpcm13YXJlMiIsICJlY190eXBlIjogMywgIm1ldGFfZGF0YSI6ICIiLCAia2V5X3R5cGUiOiAzLCAic2lnbmF0dXJlIjogIm5YRHMxUjNpRkJ3VU1nWkVJL2Vjc1cycmZGOFUyOTdRVXVKWXdxSTloaURhRllCZTZ5UDNYRkRYZC9WT1dNR2FncEd1MDdLSkdwbm9oWko2WEM3ZklnPT0iLCAic2lnbmVyX3B1YmxpY19rZXkiOiAiQkNUSGpQSFh5dEJqbWxJbDBDU01aUy9lSTZhWFhrSkdxb0NBNGhjbk9SWFJOb2Y5UjVybXhPVTZtb1NPanJHVmlKK0pxZjFpUkdhUzVYdDhFUDBpY3JJPSIsICJzaWduZXJfaGFzaF90eXBlIjogMH0="}]}
[28/01/2020 18:52:13][INFO]: Card registered. Response: b'{"content_snapshot":"eyJjcmVhdGVkX2F0IjoxNTgwMjIzMTMzLCJpZGVudGl0eSI6ImZpcm13YXJlXzIiLCJwdWJsaWNfa2V5IjoiTUZrd0V3WUhLb1pJemowQ0FRWUlLb1pJemowREFRY0RRZ0FFVkl5Wk56OUFYZnVMaE5RcmhldTRjeVZ1RWJ5MkpvbjZCNEQxcHlQU0VjT2VxbnVlN2RDMGVQaXN6UG1BK0tFRkFWdXplelhFcVVqVERnZ2l0WERxckE9PSIsInZlcnNpb24iOiI1LjAifQ==","signatures":[{"signer":"self","signature":"MFcwDQYJYIZIAWUDBAIBBQAERjBEAiBWDUk+B8tuuQ4e7IppBfNphfJagde/TTGS1nQ7gSrlMAIgbMiO677uZe3HUnIblVy6zHF9p6VkKMZBtFXKTU2Y8GA=","snapshot":"eyJzdGFydF9kYXRlIjogMCwgImV4cGlyYXRpb25fZGF0ZSI6IDAsICJjb21tZW50IjogImZpcm13YXJlMiIsICJlY190eXBlIjogMywgIm1ldGFfZGF0YSI6ICIiLCAia2V5X3R5cGUiOiAzLCAic2lnbmF0dXJlIjogIm5YRHMxUjNpRkJ3VU1nWkVJL2Vjc1cycmZGOFUyOTdRVXVKWXdxSTloaURhRllCZTZ5UDNYRkRYZC9WT1dNR2FncEd1MDdLSkdwbm9oWko2WEM3ZklnPT0iLCAic2lnbmVyX3B1YmxpY19rZXkiOiAiQkNUSGpQSFh5dEJqbWxJbDBDU01aUy9lSTZhWFhrSkdxb0NBNGhjbk9SWFJOb2Y5UjVybXhPVTZtb1NPanJHVmlKK0pxZjFpUkdhUzVYdDhFUDBpY3JJPSIsICJzaWduZXJfaGFzaF90eXBlIjogMH0="},{"signer":"virgil","signature":"MFEwDQYJYIZIAWUDBAIDBQAEQLFKbjgzZ3l2LIQQ2badsuQWpNUhpdqRiildSLvbHTi6WstCE5Qu6tkrK+57uP1H+irUT+cwC9KAxJ6FQGtTUQU="}]}'
[28/01/2020 18:52:13][INFO]: Firmware Key id: [35725] comment: [firmware2] generation completed
[28/01/2020 18:52:13][INFO]: Factory Key generation (Initial Generation stage)
[28/01/2020 18:52:13][INFO]: Factory Key generation started
[28/01/2020 18:52:24][INFO]: Card request prepared: {"content_snapshot":"eyJjcmVhdGVkX2F0IjoxNTgwMjIzMTQ0LCJpZGVudGl0eSI6ImZhY3RvcnkiLCJwdWJsaWNfa2V5IjoiTUZrd0V3WUhLb1pJemowQ0FRWUlLb1pJemowREFRY0RRZ0FFTHF5c0trQk5ESHhvK21RSHd4WFMxM1QyeFQyTzFWMWtRL3Z1S0FHRFlVRkptc3hNQzFHL3BTREdldHRLbGkvaVBTMzc3cHpjR2tNVUh6Wk8ydWZsN3c9PSIsInZlcnNpb24iOiI1LjAifQ==","signatures":[{"signature":"MFkwDQYJYIZIAWUDBAIBBQAESDBGAiEAtJCqd+eXGfF37hnMbYuq8b4Aq/E3dAjg422HhNGOTugCIQDtRworFJTT92o4eUWenW/L9Gfs+joNY7UktG/LyMdWow==","signer":"self","snapshot":"eyJzdGFydF9kYXRlIjogMjA1MjAwMDAwLCAiZXhwaXJhdGlvbl9kYXRlIjogMjM2NzM2MDAwLCAiY29tbWVudCI6ICJmYWN0b3J5IiwgImVjX3R5cGUiOiAzLCAibWV0YV9kYXRhIjogIiIsICJrZXlfdHlwZSI6IDQsICJmYWN0b3J5X2luZm8iOiB7Im5hbWUiOiAiU2FtcGxlIEZhY3RvcnkgTmFtZSIsICJhZGRyZXNzIjogInNhbXBsZSBhZGRyZXNzIiwgImNvbnRhY3RzIjogInNhbXBsZV9mYWN0b3J5QHNvbWVfbWFpbC5jb20ifX0="}]}
[28/01/2020 18:52:24][INFO]: Card registered. Response: b'{"content_snapshot":"eyJjcmVhdGVkX2F0IjoxNTgwMjIzMTQ0LCJpZGVudGl0eSI6ImZhY3RvcnkiLCJwdWJsaWNfa2V5IjoiTUZrd0V3WUhLb1pJemowQ0FRWUlLb1pJemowREFRY0RRZ0FFTHF5c0trQk5ESHhvK21RSHd4WFMxM1QyeFQyTzFWMWtRL3Z1S0FHRFlVRkptc3hNQzFHL3BTREdldHRLbGkvaVBTMzc3cHpjR2tNVUh6Wk8ydWZsN3c9PSIsInZlcnNpb24iOiI1LjAifQ==","signatures":[{"signer":"self","signature":"MFkwDQYJYIZIAWUDBAIBBQAESDBGAiEAtJCqd+eXGfF37hnMbYuq8b4Aq/E3dAjg422HhNGOTugCIQDtRworFJTT92o4eUWenW/L9Gfs+joNY7UktG/LyMdWow==","snapshot":"eyJzdGFydF9kYXRlIjogMjA1MjAwMDAwLCAiZXhwaXJhdGlvbl9kYXRlIjogMjM2NzM2MDAwLCAiY29tbWVudCI6ICJmYWN0b3J5IiwgImVjX3R5cGUiOiAzLCAibWV0YV9kYXRhIjogIiIsICJrZXlfdHlwZSI6IDQsICJmYWN0b3J5X2luZm8iOiB7Im5hbWUiOiAiU2FtcGxlIEZhY3RvcnkgTmFtZSIsICJhZGRyZXNzIjogInNhbXBsZSBhZGRyZXNzIiwgImNvbnRhY3RzIjogInNhbXBsZV9mYWN0b3J5QHNvbWVfbWFpbC5jb20ifX0="},{"signer":"virgil","signature":"MFEwDQYJYIZIAWUDBAIDBQAEQAbd90QOYeJADUZUwOyKvcxxt5iwAaYlxuXu3B0YJM14lnEZqa31hQ6qnjKV/LG7wOh/B9gg7XnthUcf1dY8ZQY="}]}'
[28/01/2020 18:52:24][INFO]: Factory Key id: [28370] comment: [factory] generation completed
[28/01/2020 18:52:24][INFO]: initial generation stage completed
[28/01/2020 18:52:25][INFO]: Try to initialize Cloud key on service
[28/01/2020 18:52:25][INFO]: Cloud key is already initialized
[28/01/2020 18:52:25][INFO]: Receive Cloud public key from service
[28/01/2020 18:52:26][INFO]: Cloud key received: {'key': 'MFkwEwYHKoZIzj0CAQYIKoZIzj0DAQcDQgAEpkJKyWTSBqjC9AnDSdH7LTt/C5gTw/Scm76K+M+8z2virXH3hZdoCQgKAEXIA9RmKInsYbfFi7q8j0BWUmIfKg==', 'start_date': 159793370, 'end_date': 0}
[28/01/2020 18:52:26][INFO]: Cloud key stored. key_info: {'type': 'cloud', 'ec_type': <VsEcTypeE.VS_KEYPAIR_EC_SECP256R1: 3>, 'start_date': 159793370, 'expiration_date': 0, 'comment': 'Cloud public key', 'key': 'BKZCSslk0gaowvQJw0nR+y07fwuYE8P0nJu+ivjPvM9r4q1x94WXaAkICgBFyAPUZiiJ7GG3xYu6vI9AVlJiHyo=', 'meta_data': 'https://api-iot.virgilsecurity.com'}
[28/01/2020 18:52:26][INFO]: TrustList generation started
[28/01/2020 18:52:30][INFO]: TrustList version: 0.0.0.0 
[28/01/2020 18:52:30][INFO]: TrustList generation completed
